2025-08-31 00:09:20,177 - INFO - Face recognition systems initialized successfully
2025-08-31 00:09:20,189 - INFO - Starting Face Verification API on 127.0.0.1:5000
2025-08-31 00:09:20,265 - INFO - [31m[1mWARNING: This is a development server. Do not use it in a production deployment. Use a production WSGI server instead.[0m
 * Running on http://127.0.0.1:5000
2025-08-31 00:09:20,265 - INFO - [33mPress CTRL+C to quit[0m
2025-08-31 00:18:09,113 - INFO - 127.0.0.1 - - [31/Aug/2025 00:18:09] "[31m[1mPOST /enroll HTTP/1.1[0m" 400 -
2025-08-31 00:22:17,058 - INFO - 127.0.0.1 - - [31/Aug/2025 00:22:17] "POST /enroll HTTP/1.1" 200 -
2025-08-31 00:23:17,387 - INFO - 127.0.0.1 - - [31/Aug/2025 00:23:17] "POST /verify HTTP/1.1" 200 -
2025-08-31 00:23:44,480 - INFO - 127.0.0.1 - - [31/Aug/2025 00:23:44] "[33mPOST /e HTTP/1.1[0m" 404 -
2025-08-31 00:23:51,172 - INFO - 127.0.0.1 - - [31/Aug/2025 00:23:51] "POST /enroll HTTP/1.1" 200 -
2025-08-31 00:24:39,341 - INFO - 127.0.0.1 - - [31/Aug/2025 00:24:39] "POST /verify HTTP/1.1" 200 -
2025-10-03 19:50:20,791 - INFO - Starting face capture sequence
2025-10-03 19:50:23,173 - INFO - Live image captured: data\temp\live_20251003_195023.jpg
2025-10-03 19:50:23,572 - INFO - Processing enrollment for user: 4
2025-10-03 19:50:23,818 - ERROR - Enrollment failed for user 4: 'tuple' object has no attribute 'size'
2025-10-03 20:01:02,884 - INFO - Starting face capture sequence...
2025-10-03 20:01:08,294 - INFO - Live image saved: data\temp\live_20251003_200108.jpg
2025-10-03 20:01:08,862 - ERROR - Enrollment failed for 4: 'tuple' object has no attribute 'size'
2025-10-03 20:03:54,109 - INFO - Starting face capture sequence...
2025-10-03 20:03:59,551 - INFO - Live image saved: data\temp\live_20251003_200359.jpg
2025-10-03 20:04:00,085 - INFO - Metadata saved: data\metadata\4_metadata.json
2025-10-03 20:04:00,085 - INFO - User 4 enrolled successfully (quality 176.296)
2025-10-03 20:08:55,483 - INFO - Verification attempt 1/3 for 4
2025-10-03 20:08:56,400 - INFO - Starting face capture sequence...
2025-10-03 20:09:01,813 - INFO - Live image saved: data\temp\verify_20251003_200901.jpg
2025-10-03 20:09:02,363 - INFO - Verification SUCCESS for 4: 0.977
2025-10-03 20:36:43,472 - INFO - Face recognition systems initialized successfully
2025-10-03 20:41:03,718 - INFO - Face recognition systems initialized successfully
2025-10-03 20:41:03,734 - INFO - Starting Anti-Cheating ML API on 127.0.0.1:5000
2025-10-03 20:41:04,253 - INFO - [31m[1mWARNING: This is a development server. Do not use it in a production deployment. Use a production WSGI server instead.[0m
 * Running on http://127.0.0.1:5000
2025-10-03 20:41:04,253 - INFO - [33mPress CTRL+C to quit[0m
2025-10-03 20:41:04,269 - INFO -  * Restarting with stat
2025-10-03 20:41:04,575 - INFO - Face recognition systems initialized successfully
2025-10-03 20:41:04,575 - INFO - Starting Anti-Cheating ML API on 127.0.0.1:5000
2025-10-03 20:41:04,575 - WARNING -  * Debugger is active!
2025-10-03 20:41:04,595 - INFO -  * Debugger PIN: 379-097-252
2025-10-03 20:43:07,921 - INFO - 127.0.0.1 - - [03/Oct/2025 20:43:07] "GET /health HTTP/1.1" 200 -
2025-10-03 20:48:50,997 - ERROR - Unexpected error during enrollment: 415 Unsupported Media Type: Did not attempt to load JSON data because the request Content-Type was not 'application/json'.
2025-10-03 20:48:50,997 - INFO - 127.0.0.1 - - [03/Oct/2025 20:48:50] "[35m[1mPOST /enroll HTTP/1.1[0m" 500 -
2025-10-03 20:53:22,787 - INFO -  * Detected change in 'D:\\PROJECT\\Exam-Anti-Cheating\\ml-service\\src\\api.py', reloading
2025-10-03 20:53:22,906 - INFO -  * Restarting with stat
2025-10-03 20:53:25,591 - INFO - Face recognition systems initialized successfully
2025-10-03 20:53:25,593 - INFO - Starting Anti-Cheating ML API on 127.0.0.1:5000
2025-10-03 20:53:25,616 - WARNING -  * Debugger is active!
2025-10-03 20:53:25,616 - INFO -  * Debugger PIN: 379-097-252
2025-10-03 20:53:35,418 - ERROR - Enrollment failed for 123: OpenCV(4.12.0) :-1: error: (-5:Bad argument) in function 'detectMultiScale'
> Overload resolution failed:
>  - Can't parse 'minSize'. Sequence item with index 0 has a wrong type
>  - Can't parse 'minSize'. Sequence item with index 0 has a wrong type

2025-10-03 20:53:35,418 - ERROR - Unexpected error during enrollment: 'bool' object is not subscriptable
2025-10-03 20:53:35,418 - INFO - 127.0.0.1 - - [03/Oct/2025 20:53:35] "[35m[1mPOST /enroll HTTP/1.1[0m" 500 -
2025-10-03 20:59:55,621 - INFO -  * Detected change in 'D:\\PROJECT\\Exam-Anti-Cheating\\ml-service\\src\\api.py', reloading
2025-10-03 20:59:55,685 - INFO -  * Restarting with stat
2025-10-03 20:59:56,141 - INFO - Face recognition systems initialized successfully
2025-10-03 20:59:56,141 - INFO - Starting Anti-Cheating ML API on 127.0.0.1:5000
2025-10-03 20:59:56,159 - WARNING -  * Debugger is active!
2025-10-03 20:59:56,164 - INFO -  * Debugger PIN: 379-097-252
2025-10-03 21:00:14,069 - ERROR - Enrollment failed for 123: OpenCV(4.12.0) :-1: error: (-5:Bad argument) in function 'detectMultiScale'
> Overload resolution failed:
>  - Can't parse 'minSize'. Sequence item with index 0 has a wrong type
>  - Can't parse 'minSize'. Sequence item with index 0 has a wrong type

2025-10-03 21:00:14,069 - ERROR - Unexpected error during enrollment: 'bool' object is not subscriptable
2025-10-03 21:00:14,069 - INFO - 127.0.0.1 - - [03/Oct/2025 21:00:14] "[35m[1mPOST /enroll HTTP/1.1[0m" 500 -
2025-10-03 21:06:44,654 - INFO -  * Detected change in 'D:\\PROJECT\\Exam-Anti-Cheating\\ml-service\\src\\utils.py', reloading
2025-10-03 21:06:44,713 - INFO -  * Restarting with stat
2025-10-03 21:06:45,104 - INFO - Face recognition systems initialized successfully
2025-10-03 21:06:45,106 - INFO - Starting Anti-Cheating ML API on 127.0.0.1:5000
2025-10-03 21:06:45,118 - WARNING -  * Debugger is active!
2025-10-03 21:06:45,125 - INFO -  * Debugger PIN: 379-097-252
2025-10-03 21:09:06,253 - INFO -  * Detected change in 'D:\\PROJECT\\Exam-Anti-Cheating\\ml-service\\src\\enroll.py', reloading
2025-10-03 21:09:06,328 - INFO -  * Restarting with stat
2025-10-03 21:09:06,827 - INFO - Face recognition systems initialized successfully
2025-10-03 21:09:06,829 - INFO - Starting Anti-Cheating ML API on 127.0.0.1:5000
2025-10-03 21:09:06,844 - WARNING -  * Debugger is active!
2025-10-03 21:09:06,847 - INFO -  * Debugger PIN: 379-097-252
2025-10-03 21:09:12,901 - ERROR - Enrollment failed for 123: OpenCV(4.12.0) :-1: error: (-5:Bad argument) in function 'detectMultiScale'
> Overload resolution failed:
>  - Can't parse 'minSize'. Sequence item with index 0 has a wrong type
>  - Can't parse 'minSize'. Sequence item with index 0 has a wrong type

2025-10-03 21:09:12,901 - ERROR - Unexpected error during enrollment: 'bool' object is not subscriptable
2025-10-03 21:09:12,901 - INFO - 127.0.0.1 - - [03/Oct/2025 21:09:12] "[35m[1mPOST /enroll HTTP/1.1[0m" 500 -
2025-10-03 21:09:50,981 - INFO - Face recognition systems initialized successfully
2025-10-03 21:09:50,981 - INFO - Starting Anti-Cheating ML API on 127.0.0.1:5000
2025-10-03 21:09:51,008 - INFO - [31m[1mWARNING: This is a development server. Do not use it in a production deployment. Use a production WSGI server instead.[0m
 * Running on http://127.0.0.1:5000
2025-10-03 21:09:51,008 - INFO - [33mPress CTRL+C to quit[0m
2025-10-03 21:09:51,009 - INFO -  * Restarting with stat
2025-10-03 21:09:51,310 - INFO - Face recognition systems initialized successfully
2025-10-03 21:09:51,310 - INFO - Starting Anti-Cheating ML API on 127.0.0.1:5000
2025-10-03 21:09:51,323 - WARNING -  * Debugger is active!
2025-10-03 21:09:51,328 - INFO -  * Debugger PIN: 379-097-252
2025-10-03 21:09:56,714 - ERROR - Enrollment failed for 123: OpenCV(4.12.0) :-1: error: (-5:Bad argument) in function 'detectMultiScale'
> Overload resolution failed:
>  - Can't parse 'minSize'. Sequence item with index 0 has a wrong type
>  - Can't parse 'minSize'. Sequence item with index 0 has a wrong type

2025-10-03 21:09:56,716 - ERROR - Unexpected error during enrollment: 'bool' object is not subscriptable
2025-10-03 21:09:56,718 - INFO - 127.0.0.1 - - [03/Oct/2025 21:09:56] "[35m[1mPOST /enroll HTTP/1.1[0m" 500 -
2025-10-03 21:12:45,838 - ERROR - No stored embedding for student 5
2025-10-03 21:16:35,641 - INFO - Starting face capture sequence...
2025-10-03 21:16:41,052 - INFO - Live image saved: data\temp\live_20251003_211641.jpg
2025-10-03 21:16:41,600 - INFO - Metadata saved: data\metadata\5_metadata.json
2025-10-03 21:16:41,600 - INFO - User 5 enrolled successfully (quality 171.775)
2025-10-03 21:16:46,347 - INFO - Verification attempt 1/3 for 5
2025-10-03 21:16:47,254 - INFO - Starting face capture sequence...
2025-10-03 21:16:52,723 - INFO - Live image saved: data\temp\verify_20251003_211652.jpg
2025-10-03 21:16:53,245 - INFO - Verification SUCCESS for 5: 0.989
2025-10-03 21:22:34,481 - INFO -  * Detected change in 'D:\\PROJECT\\Exam-Anti-Cheating\\ml-service\\src\\api.py', reloading
2025-10-03 21:22:34,619 - INFO -  * Restarting with stat
2025-10-03 21:22:35,026 - INFO - Face recognition systems initialized successfully
2025-10-03 21:22:35,033 - INFO - Starting Anti-Cheating ML API on 127.0.0.1:5000
2025-10-03 21:22:35,036 - WARNING -  * Debugger is active!
2025-10-03 21:22:35,049 - INFO -  * Debugger PIN: 379-097-252
2025-10-03 21:23:28,788 - INFO -  * Detected change in 'D:\\PROJECT\\Exam-Anti-Cheating\\ml-service\\src\\api.py', reloading
2025-10-03 21:23:28,834 - INFO -  * Restarting with stat
2025-10-03 21:23:29,182 - INFO - Face recognition systems initialized successfully
2025-10-03 21:23:29,182 - INFO - Starting Anti-Cheating ML API on 127.0.0.1:5000
2025-10-03 21:23:29,198 - WARNING -  * Debugger is active!
2025-10-03 21:23:29,212 - INFO -  * Debugger PIN: 379-097-252
2025-10-03 21:23:41,886 - INFO - Face recognition systems initialized successfully
2025-10-03 21:23:41,886 - INFO - Starting Anti-Cheating ML API on 127.0.0.1:5000
2025-10-03 21:23:41,909 - INFO - [31m[1mWARNING: This is a development server. Do not use it in a production deployment. Use a production WSGI server instead.[0m
 * Running on http://127.0.0.1:5000
2025-10-03 21:23:41,910 - INFO - [33mPress CTRL+C to quit[0m
2025-10-03 21:23:41,910 - INFO -  * Restarting with stat
2025-10-03 21:23:42,211 - INFO - Face recognition systems initialized successfully
2025-10-03 21:23:42,211 - INFO - Starting Anti-Cheating ML API on 127.0.0.1:5000
2025-10-03 21:23:42,211 - WARNING -  * Debugger is active!
2025-10-03 21:23:42,226 - INFO -  * Debugger PIN: 379-097-252
2025-10-03 21:24:05,649 - ERROR - Enrollment failed for 123: OpenCV(4.12.0) :-1: error: (-5:Bad argument) in function 'detectMultiScale'
> Overload resolution failed:
>  - Can't parse 'minSize'. Sequence item with index 0 has a wrong type
>  - Can't parse 'minSize'. Sequence item with index 0 has a wrong type

2025-10-03 21:24:05,649 - ERROR - Unexpected error during enrollment: 'bool' object is not subscriptable
2025-10-03 21:24:05,652 - INFO - 127.0.0.1 - - [03/Oct/2025 21:24:05] "[35m[1mPOST /enroll HTTP/1.1[0m" 500 -
2025-10-03 21:26:26,764 - ERROR - Enrollment failed for 123: OpenCV(4.12.0) :-1: error: (-5:Bad argument) in function 'detectMultiScale'
> Overload resolution failed:
>  - Can't parse 'minSize'. Sequence item with index 0 has a wrong type
>  - Can't parse 'minSize'. Sequence item with index 0 has a wrong type

2025-10-03 21:26:26,765 - ERROR - Unexpected error during enrollment: 'bool' object is not subscriptable
2025-10-03 21:26:26,767 - INFO - 127.0.0.1 - - [03/Oct/2025 21:26:26] "[35m[1mPOST /enroll HTTP/1.1[0m" 500 -
2025-10-03 21:34:42,001 - INFO -  * Detected change in 'D:\\PROJECT\\Exam-Anti-Cheating\\ml-service\\src\\enroll.py', reloading
2025-10-03 21:34:42,059 - INFO -  * Restarting with stat
2025-10-03 21:34:42,485 - INFO - Face recognition systems initialized successfully
2025-10-03 21:34:42,487 - INFO - Starting Anti-Cheating ML API on 127.0.0.1:5000
2025-10-03 21:34:42,487 - WARNING -  * Debugger is active!
2025-10-03 21:34:42,501 - INFO -  * Debugger PIN: 379-097-252
2025-10-03 21:34:55,543 - ERROR - Unexpected error during enrollment: 'FaceEnrollmentSystem' object has no attribute 'enroll_face'
2025-10-03 21:34:55,543 - INFO - 127.0.0.1 - - [03/Oct/2025 21:34:55] "[35m[1mPOST /enroll HTTP/1.1[0m" 500 -
2025-10-03 21:40:21,780 - INFO -  * Detected change in 'D:\\PROJECT\\Exam-Anti-Cheating\\ml-service\\src\\enroll.py', reloading
2025-10-03 21:40:21,835 - INFO -  * Restarting with stat
2025-10-03 21:41:50,892 - INFO - Face recognition systems initialized successfully
2025-10-03 21:41:50,892 - INFO - Starting Anti-Cheating ML API on 127.0.0.1:5000
2025-10-03 21:41:50,918 - INFO - [31m[1mWARNING: This is a development server. Do not use it in a production deployment. Use a production WSGI server instead.[0m
 * Running on http://127.0.0.1:5000
2025-10-03 21:41:50,918 - INFO - [33mPress CTRL+C to quit[0m
2025-10-03 21:41:50,919 - INFO -  * Restarting with stat
2025-10-03 21:41:51,209 - INFO - Face recognition systems initialized successfully
2025-10-03 21:41:51,209 - INFO - Starting Anti-Cheating ML API on 127.0.0.1:5000
2025-10-03 21:41:51,240 - WARNING -  * Debugger is active!
2025-10-03 21:41:51,242 - INFO -  * Debugger PIN: 379-097-252
2025-10-03 21:42:03,699 - INFO - Metadata saved: data\metadata\123_metadata.json
2025-10-03 21:42:03,699 - INFO - User 123 enrolled successfully (quality 140.099)
2025-10-03 21:42:03,715 - INFO - 127.0.0.1 - - [03/Oct/2025 21:42:03] "POST /enroll HTTP/1.1" 200 -
2025-10-03 21:45:16,343 - INFO -  * Detected change in 'D:\\PROJECT\\Exam-Anti-Cheating\\ml-service\\src\\api.py', reloading
2025-10-03 21:45:16,414 - INFO -  * Restarting with stat
2025-10-03 21:45:16,765 - INFO - Face recognition systems initialized successfully
2025-10-03 21:45:16,765 - INFO - Starting Anti-Cheating ML API on 127.0.0.1:5000
2025-10-03 21:45:16,783 - WARNING -  * Debugger is active!
2025-10-03 21:45:16,792 - INFO -  * Debugger PIN: 379-097-252
2025-10-03 21:45:30,800 - INFO - 127.0.0.1 - - [03/Oct/2025 21:45:30] "[31m[1mPOST /verify HTTP/1.1[0m" 400 -
2025-10-03 21:47:25,167 - INFO -  * Detected change in 'D:\\PROJECT\\Exam-Anti-Cheating\\ml-service\\src\\api.py', reloading
2025-10-03 21:47:25,214 - INFO -  * Restarting with stat
2025-10-03 21:47:25,565 - INFO - Face recognition systems initialized successfully
2025-10-03 21:47:25,565 - INFO - Starting Anti-Cheating ML API on 127.0.0.1:5000
2025-10-03 21:47:25,586 - WARNING -  * Debugger is active!
2025-10-03 21:47:25,588 - INFO -  * Debugger PIN: 379-097-252
2025-10-03 21:47:30,186 - ERROR - Unexpected error during verification: 'FaceVerificationSystem' object has no attribute 'verify_with_embedding'
2025-10-03 21:47:30,196 - INFO - 127.0.0.1 - - [03/Oct/2025 21:47:30] "[35m[1mPOST /verify HTTP/1.1[0m" 500 -
2025-10-03 21:52:33,670 - INFO -  * Detected change in 'D:\\PROJECT\\Exam-Anti-Cheating\\ml-service\\src\\api.py', reloading
2025-10-03 21:52:33,708 - INFO -  * Restarting with stat
2025-10-03 21:52:34,082 - INFO - Face recognition systems initialized successfully
2025-10-03 21:52:34,082 - INFO - Starting Anti-Cheating ML API on 127.0.0.1:5000
2025-10-03 21:52:34,098 - WARNING -  * Debugger is active!
2025-10-03 21:52:34,112 - INFO -  * Debugger PIN: 379-097-252
2025-10-03 21:52:43,111 - INFO - Verification attempt 1/3 for 123
2025-10-03 21:52:43,288 - INFO - Verification SUCCESS for 123: 1.000
2025-10-03 21:52:43,289 - INFO - 127.0.0.1 - - [03/Oct/2025 21:52:43] "POST /verify HTTP/1.1" 200 -
2025-10-03 21:53:01,802 - INFO - Verification attempt 1/3 for 5
2025-10-03 21:53:02,981 - INFO - Starting face capture sequence...
2025-10-03 21:53:08,527 - INFO - Live image saved: data\temp\verify_20251003_215308.jpg
2025-10-03 21:53:09,091 - INFO - Verification SUCCESS for 5: 0.984
2025-10-10 23:36:54,847 - ERROR - Enrollment failed for 5: module 'cv2' has no attribute 'VideoCapture'
2025-10-10 23:38:56,934 - INFO - Starting face capture sequence...
2025-10-10 23:39:02,254 - INFO - Live image saved: data\temp\live_20251010_233902.jpg
2025-10-10 23:39:23,300 - INFO - Starting face capture sequence...
2025-10-10 23:39:28,557 - INFO - Live image saved: data\temp\live_20251010_233928.jpg
2025-10-10 23:39:29,104 - INFO - Metadata saved: data\metadata\5_metadata.json
2025-10-10 23:39:29,104 - INFO - User 5 enrolled successfully (quality 123.745)
2025-10-10 23:39:51,896 - INFO - Verification attempt 1/3 for 5
2025-10-10 23:39:52,899 - INFO - Starting face capture sequence...
2025-10-10 23:39:58,365 - INFO - Live image saved: data\temp\verify_20251010_233958.jpg
2025-10-10 23:39:58,924 - INFO - Verification SUCCESS for 5: 0.840
2025-10-10 23:45:40,780 - INFO - Face recognition systems initialized successfully
2025-10-10 23:45:40,796 - INFO - Starting Anti-Cheating ML API on 127.0.0.1:5000
2025-10-10 23:45:40,835 - INFO - [31m[1mWARNING: This is a development server. Do not use it in a production deployment. Use a production WSGI server instead.[0m
 * Running on http://127.0.0.1:5000
2025-10-10 23:45:40,836 - INFO - [33mPress CTRL+C to quit[0m
2025-10-10 23:45:40,836 - INFO -  * Restarting with stat
2025-10-10 23:45:41,148 - INFO - Face recognition systems initialized successfully
2025-10-10 23:45:41,148 - INFO - Starting Anti-Cheating ML API on 127.0.0.1:5000
2025-10-10 23:45:41,169 - WARNING -  * Debugger is active!
2025-10-10 23:45:41,169 - INFO -  * Debugger PIN: 379-097-252
2025-10-10 23:49:30,881 - INFO - Metadata saved: data\metadata\123_metadata.json
2025-10-10 23:49:30,881 - INFO - User 123 enrolled successfully (quality 140.099)
2025-10-10 23:49:30,898 - INFO - 127.0.0.1 - - [10/Oct/2025 23:49:30] "POST /enroll HTTP/1.1" 200 -
2025-10-10 23:49:54,417 - INFO - Verification attempt 1/3 for 123
2025-10-10 23:49:54,581 - INFO - Verification SUCCESS for 123: 1.000
2025-10-10 23:49:54,581 - INFO - 127.0.0.1 - - [10/Oct/2025 23:49:54] "POST /verify HTTP/1.1" 200 -
2025-10-11 09:30:25,941 - INFO - Verification attempt 1/3 for 5
2025-10-11 09:30:27,220 - INFO - Starting face capture sequence...
2025-10-11 09:30:32,560 - INFO - Live image saved: data\temp\verify_20251011_093032.jpg
2025-10-11 09:30:33,313 - INFO - Verification FAILURE for 5: 0.000
2025-10-11 09:30:33,313 - INFO - Attempt 1 failed. 2 attempts remaining.
2025-10-11 09:30:33,313 - INFO - Verification attempt 2/3 for 5
2025-10-11 09:30:33,354 - INFO - Verification FAILURE for 5: 0.000
2025-10-11 09:30:33,354 - INFO - Attempt 2 failed. 1 attempts remaining.
2025-10-11 09:30:33,354 - INFO - Verification attempt 3/3 for 5
2025-10-11 09:30:33,394 - INFO - Verification FAILURE for 5: 0.000
2025-10-11 09:30:42,712 - INFO - Verification attempt 1/3 for 5
2025-10-11 09:30:43,599 - INFO - Starting face capture sequence...
2025-10-11 09:30:48,784 - INFO - Live image saved: data\temp\verify_20251011_093048.jpg
2025-10-11 09:30:49,371 - INFO - Verification FAILURE for 5: 0.738
2025-10-11 09:30:49,371 - INFO - Attempt 1 failed. 2 attempts remaining.
2025-10-11 09:30:49,371 - INFO - Verification attempt 2/3 for 5
2025-10-11 09:30:49,407 - INFO - Verification FAILURE for 5: 0.738
2025-10-11 09:30:49,408 - INFO - Attempt 2 failed. 1 attempts remaining.
2025-10-11 09:30:49,408 - INFO - Verification attempt 3/3 for 5
2025-10-11 09:30:49,440 - INFO - Verification FAILURE for 5: 0.738
2025-10-11 09:31:10,313 - INFO - Verification attempt 1/3 for 5
2025-10-11 09:31:11,200 - INFO - Starting face capture sequence...
2025-10-11 09:31:16,415 - INFO - Live image saved: data\temp\verify_20251011_093116.jpg
2025-10-11 09:31:16,958 - INFO - Verification FAILURE for 5: 0.704
2025-10-11 09:31:16,958 - INFO - Attempt 1 failed. 2 attempts remaining.
2025-10-11 09:31:16,958 - INFO - Verification attempt 2/3 for 5
2025-10-11 09:31:16,990 - INFO - Verification FAILURE for 5: 0.704
2025-10-11 09:31:16,992 - INFO - Attempt 2 failed. 1 attempts remaining.
2025-10-11 09:31:16,992 - INFO - Verification attempt 3/3 for 5
2025-10-11 09:31:17,025 - INFO - Verification FAILURE for 5: 0.704
2025-10-11 09:31:28,680 - INFO - Verification attempt 1/3 for 5
2025-10-11 09:31:29,596 - INFO - Starting face capture sequence...
2025-10-11 09:31:34,783 - INFO - Live image saved: data\temp\verify_20251011_093134.jpg
2025-10-11 09:31:35,347 - INFO - Verification FAILURE for 5: 0.723
2025-10-11 09:31:35,347 - INFO - Attempt 1 failed. 2 attempts remaining.
2025-10-11 09:31:35,347 - INFO - Verification attempt 2/3 for 5
2025-10-11 09:31:35,377 - INFO - Verification FAILURE for 5: 0.723
2025-10-11 09:31:35,377 - INFO - Attempt 2 failed. 1 attempts remaining.
2025-10-11 09:31:35,377 - INFO - Verification attempt 3/3 for 5
2025-10-11 09:31:35,409 - INFO - Verification FAILURE for 5: 0.723
2025-10-11 09:31:50,779 - INFO - Verification attempt 1/3 for 5
2025-10-11 09:31:51,934 - INFO - Starting face capture sequence...
2025-10-11 09:31:57,144 - INFO - Live image saved: data\temp\verify_20251011_093157.jpg
2025-10-11 09:31:57,724 - INFO - Verification FAILURE for 5: 0.693
2025-10-11 09:31:57,724 - INFO - Attempt 1 failed. 2 attempts remaining.
2025-10-11 09:31:57,724 - INFO - Verification attempt 2/3 for 5
2025-10-11 09:31:57,762 - INFO - Verification FAILURE for 5: 0.693
2025-10-11 09:31:57,762 - INFO - Attempt 2 failed. 1 attempts remaining.
2025-10-11 09:31:57,762 - INFO - Verification attempt 3/3 for 5
2025-10-11 09:31:57,802 - INFO - Verification FAILURE for 5: 0.693
2025-10-11 09:32:10,744 - WARNING - User 5 already enrolled.
2025-10-11 09:32:18,623 - INFO - Starting face capture sequence...
2025-10-11 09:32:22,411 - INFO - Live image saved: data\temp\live_20251011_093222.jpg
2025-10-11 09:32:22,923 - INFO - Metadata saved: data\metadata\6_metadata.json
2025-10-11 09:32:22,931 - INFO - User 6 enrolled successfully (quality 162.563)
2025-10-11 09:32:33,641 - INFO - Verification attempt 1/3 for 6
2025-10-11 09:32:35,563 - INFO - Starting face capture sequence...
2025-10-11 09:32:40,844 - INFO - Live image saved: data\temp\verify_20251011_093240.jpg
2025-10-11 09:32:41,570 - INFO - Verification SUCCESS for 6: 0.970
2025-10-11 09:32:52,152 - INFO - Face recognition systems initialized successfully
2025-10-11 09:32:52,152 - INFO - Starting Anti-Cheating ML API on 127.0.0.1:5000
2025-10-11 09:32:52,220 - INFO - [31m[1mWARNING: This is a development server. Do not use it in a production deployment. Use a production WSGI server instead.[0m
 * Running on http://127.0.0.1:5000
2025-10-11 09:32:52,220 - INFO - [33mPress CTRL+C to quit[0m
2025-10-11 09:32:52,220 - INFO -  * Restarting with stat
2025-10-11 09:32:52,660 - INFO - Face recognition systems initialized successfully
2025-10-11 09:32:52,664 - INFO - Starting Anti-Cheating ML API on 127.0.0.1:5000
2025-10-11 09:32:52,688 - WARNING -  * Debugger is active!
2025-10-11 09:32:52,691 - INFO -  * Debugger PIN: 379-097-252
2025-10-11 13:00:07,755 - INFO - Face recognition systems initialized successfully
2025-10-11 13:00:07,755 - INFO - Starting Anti-Cheating ML API on 127.0.0.1:5000
2025-10-11 13:00:07,831 - INFO - [31m[1mWARNING: This is a development server. Do not use it in a production deployment. Use a production WSGI server instead.[0m
 * Running on http://127.0.0.1:5000
2025-10-11 13:00:07,833 - INFO - [33mPress CTRL+C to quit[0m
2025-10-11 13:00:07,834 - INFO -  * Restarting with stat
2025-10-11 13:00:08,157 - INFO - Face recognition systems initialized successfully
2025-10-11 13:00:08,157 - INFO - Starting Anti-Cheating ML API on 127.0.0.1:5000
2025-10-11 13:00:08,157 - WARNING -  * Debugger is active!
2025-10-11 13:00:08,173 - INFO -  * Debugger PIN: 379-097-252
2025-10-11 18:23:31,414 - INFO - Face recognition systems initialized successfully
2025-10-11 18:23:31,430 - INFO - Starting Anti-Cheating ML API on 127.0.0.1:5000
2025-10-11 18:23:31,470 - INFO - [31m[1mWARNING: This is a development server. Do not use it in a production deployment. Use a production WSGI server instead.[0m
 * Running on http://127.0.0.1:5000
2025-10-11 18:23:31,470 - INFO - [33mPress CTRL+C to quit[0m
2025-10-11 18:23:31,482 - INFO -  * Restarting with stat
2025-10-11 18:23:31,891 - INFO - Face recognition systems initialized successfully
2025-10-11 18:23:31,893 - INFO - Starting Anti-Cheating ML API on 127.0.0.1:5000
2025-10-11 18:23:31,908 - WARNING -  * Debugger is active!
2025-10-11 18:23:31,916 - INFO -  * Debugger PIN: 379-097-252
2025-10-11 19:35:47,277 - INFO - Metadata saved: data\metadata\1_metadata.json
2025-10-11 19:35:47,291 - INFO - User 1 enrolled successfully (quality 140.099)
2025-10-11 19:35:47,325 - INFO - 127.0.0.1 - - [11/Oct/2025 19:35:47] "POST /enroll HTTP/1.1" 200 -
2025-10-11 19:40:57,934 - INFO - Metadata saved: data\metadata\3_metadata.json
2025-10-11 19:40:57,956 - INFO - User 3 enrolled successfully (quality 140.099)
2025-10-11 19:40:57,967 - INFO - 127.0.0.1 - - [11/Oct/2025 19:40:57] "POST /enroll HTTP/1.1" 200 -
2025-10-11 20:31:39,159 - INFO - Metadata saved: data\metadata\4_metadata.json
2025-10-11 20:31:39,175 - INFO - User 4 enrolled successfully (quality 140.099)
2025-10-11 20:31:39,191 - INFO - 127.0.0.1 - - [11/Oct/2025 20:31:39] "POST /enroll HTTP/1.1" 200 -
2025-10-11 20:39:12,042 - WARNING - User 5 already enrolled.
2025-10-11 20:39:12,052 - INFO - 127.0.0.1 - - [11/Oct/2025 20:39:12] "[31m[1mPOST /enroll HTTP/1.1[0m" 400 -
2025-10-11 20:39:50,387 - WARNING - User 6 already enrolled.
2025-10-11 20:39:50,389 - INFO - 127.0.0.1 - - [11/Oct/2025 20:39:50] "[31m[1mPOST /enroll HTTP/1.1[0m" 400 -
2025-10-11 20:41:24,273 - INFO - Metadata saved: data\metadata\7_metadata.json
2025-10-11 20:41:24,277 - INFO - User 7 enrolled successfully (quality 140.099)
2025-10-11 20:41:24,310 - INFO - 127.0.0.1 - - [11/Oct/2025 20:41:24] "POST /enroll HTTP/1.1" 200 -
2025-10-11 20:43:05,049 - INFO - Metadata saved: data\metadata\8_metadata.json
2025-10-11 20:43:05,065 - INFO - User 8 enrolled successfully (quality 140.099)
2025-10-11 20:43:05,082 - INFO - 127.0.0.1 - - [11/Oct/2025 20:43:05] "POST /enroll HTTP/1.1" 200 -
